<?xml version="1.0" encoding="UTF-8"?>
<!-- Generated by org.testng.reporters.JUnitReportReporter -->
<testsuite hostname="DESKTOP-CCPG5IB" failures="0" tests="1" name="TestRunner.CucumberTestRunner" time="20.998" errors="0" timestamp="2024-03-26T16:17:10 IST" skipped="0">
  <testcase classname="TestRunner.CucumberTestRunner" name="runScenario" time="20.998"/>
  <system-out/>
</testsuite> <!-- TestRunner.CucumberTestRunner -->
