<?xml version="1.0" encoding="UTF-8"?>
<!-- Generated by org.testng.reporters.JUnitReportReporter -->
<testsuite hostname="DESKTOP-CCPG5IB" failures="0" tests="6" name="Facebook.facebook" time="19.957" errors="0" timestamp="2024-03-26T16:11:23 IST" skipped="0">
  <testcase classname="Facebook.facebook" name="user_is_on_login_page" time="9.938"/>
  <system-out/>
  <testcase classname="Facebook.facebook" name="user_enter_the_vaild_username_and_password" time="0.234"/>
  <system-out/>
  <testcase classname="Facebook.facebook" name="click_on_login_button" time="3.080"/>
  <system-out/>
  <testcase classname="Facebook.facebook" name="user_is_navigated_to_home_page" time="0.000"/>
  <system-out/>
  <testcase classname="Facebook.facebook" name="user_takethe_screen_shot" time="6.704"/>
  <system-out/>
  <testcase classname="Facebook.facebook" name="close_the_browser" time="0.001"/>
  <system-out/>
</testsuite> <!-- Facebook.facebook -->
